MojiList/build/outputs/logs/manifest-merger-release-report.txt
-- Merging decision tree log ---
provider#android.support.v4.content.FileProvider
INJECTED from src\main\AndroidManifest.xml:80:9-88:20
	android:grantUriPermissions
		ADDED from src\main\AndroidManifest.xml:84:13-47
	android:authorities
		INJECTED from src\main\AndroidManifest.xml
		ADDED from src\main\AndroidManifest.xml:82:13-60
	android:exported
		ADDED from src\main\AndroidManifest.xml:83:13-37
	android:name
		ADDED from src\main\AndroidManifest.xml:81:13-67
manifest
ADDED from src\main\AndroidManifest.xml:2:1-91:12
INJECTED from src\main\AndroidManifest.xml:2:1-91:12
INJECTED from src\main\AndroidManifest.xml:2:1-91:12
INJECTED from src\main\AndroidManifest.xml:2:1-91:12
MERGED from [:makemoji-3pk-android] AndroidManifest.xml:2:1-43:12
MERGED from [:makemoji-sdk-android] AndroidManifest.xml:2:1-21:12
MERGED from [com.android.support:multidex:1.0.3] AndroidManifest.xml:17:1-22:12
MERGED from [com.github.myinnos:GiphyImageResultsPreview:1.0] AndroidManifest.xml:2:1-17:12
MERGED from [com.android.volley:volley:1.0.0] AndroidManifest.xml:2:1-11:12
MERGED from [com.squareup.leakcanary:leakcanary-android-no-op:1.3.1] AndroidManifest.xml:17:1-24:12
MERGED from [com.android.support:design:27.0.2] AndroidManifest.xml:17:1-22:12
MERGED from [com.android.support:support-v13:27.0.2] AndroidManifest.xml:17:1-22:12
MERGED from [com.android.support:support-v4:27.0.2] AndroidManifest.xml:17:1-22:12
MERGED from [com.android.support:appcompat-v7:27.0.2] AndroidManifest.xml:17:1-22:12
MERGED from [com.android.support:support-fragment:27.0.2] AndroidManifest.xml:17:1-22:12
MERGED from [com.android.support:support-core-utils:27.0.2] AndroidManifest.xml:17:1-22:12
MERGED from [com.android.support:recyclerview-v7:27.0.2] AndroidManifest.xml:17:1-22:12
MERGED from [com.android.support:animated-vector-drawable:27.0.2] AndroidManifest.xml:17:1-22:12
MERGED from [com.android.support:support-core-ui:27.0.2] AndroidManifest.xml:17:1-22:12
MERGED from [com.android.support:customtabs:27.0.2] AndroidManifest.xml:17:1-22:12
MERGED from [com.android.support:transition:27.0.2] AndroidManifest.xml:17:1-22:12
MERGED from [com.android.support:support-media-compat:27.0.2] AndroidManifest.xml:17:1-22:12
MERGED from [com.android.support:support-vector-drawable:27.0.2] AndroidManifest.xml:17:1-22:12
MERGED from [com.android.support:support-compat:27.0.2] AndroidManifest.xml:17:1-22:12
MERGED from [com.romandanylyk:pageindicatorview:0.2.0] AndroidManifest.xml:2:1-12:12
MERGED from [com.github.castorflex.smoothprogressbar:library:1.1.0] AndroidManifest.xml:2:1-14:12
MERGED from [android.arch.lifecycle:runtime:1.0.3] AndroidManifest.xml:17:1-24:12
INJECTED from src\main\AndroidManifest.xml:2:1-91:12
INJECTED from src\main\AndroidManifest.xml:2:1-91:12
INJECTED from src\main\AndroidManifest.xml:2:1-91:12
	package
		ADDED from src\main\AndroidManifest.xml:4:5-39
		INJECTED from src\main\AndroidManifest.xml
		INJECTED from src\main\AndroidManifest.xml
	android:versionName
		INJECTED from src\main\AndroidManifest.xml
		ADDED from src\main\AndroidManifest.xml:2:1-91:12
		INJECTED from src\main\AndroidManifest.xml
	xmlns:tools
		ADDED from src\main\AndroidManifest.xml:3:5-51
	android:versionCode
		INJECTED from src\main\AndroidManifest.xml
		ADDED from src\main\AndroidManifest.xml:2:1-91:12
		INJECTED from src\main\AndroidManifest.xml
	xmlns:android
		ADDED from src\main\AndroidManifest.xml:2:11-69
uses-permission#android.permission.INTERNET
ADDED from src\main\AndroidManifest.xml:6:5-67
MERGED from [:makemoji-3pk-android] AndroidManifest.xml:11:5-67
MERGED from [:makemoji-3pk-android] AndroidManifest.xml:11:5-67
MERGED from [:makemoji-sdk-android] AndroidManifest.xml:13:5-67
MERGED from [:makemoji-sdk-android] AndroidManifest.xml:13:5-67
	android:name
		ADDED from src\main\AndroidManifest.xml:6:22-64
uses-permission#android.permission.WRITE_EXTERNAL_STORAGE
ADDED from src\main\AndroidManifest.xml:7:5-81
	android:name
		ADDED from src\main\AndroidManifest.xml:7:22-78
uses-permission#android.permission.GET_ACCOUNTS
ADDED from src\main\AndroidManifest.xml:8:5-71
	android:name
		ADDED from src\main\AndroidManifest.xml:8:22-68
uses-sdk
ADDED from src\main\AndroidManifest.xml:10:5-78
INJECTED from src\main\AndroidManifest.xml:10:5-78
INJECTED from src\main\AndroidManifest.xml:10:5-78
MERGED from [:makemoji-3pk-android] AndroidManifest.xml:7:5-9:41
MERGED from [:makemoji-3pk-android] AndroidManifest.xml:7:5-9:41
MERGED from [:makemoji-sdk-android] AndroidManifest.xml:8:5-11:72
MERGED from [:makemoji-sdk-android] AndroidManifest.xml:8:5-11:72
MERGED from [com.android.support:multidex:1.0.3] AndroidManifest.xml:20:5-43
MERGED from [com.android.support:multidex:1.0.3] AndroidManifest.xml:20:5-43
MERGED from [com.github.myinnos:GiphyImageResultsPreview:1.0] AndroidManifest.xml:7:5-9:41
MERGED from [com.github.myinnos:GiphyImageResultsPreview:1.0] AndroidManifest.xml:7:5-9:41
MERGED from [com.android.volley:volley:1.0.0] AndroidManifest.xml:7:5-43
MERGED from [com.android.volley:volley:1.0.0] AndroidManifest.xml:7:5-43
MERGED from [com.squareup.leakcanary:leakcanary-android-no-op:1.3.1] AndroidManifest.xml:20:5-22:41
MERGED from [com.squareup.leakcanary:leakcanary-android-no-op:1.3.1] AndroidManifest.xml:20:5-22:41
MERGED from [com.android.support:design:27.0.2] AndroidManifest.xml:20:5-44
MERGED from [com.android.support:design:27.0.2] AndroidManifest.xml:20:5-44
MERGED from [com.android.support:support-v13:27.0.2] AndroidManifest.xml:20:5-44
MERGED from [com.android.support:support-v13:27.0.2] AndroidManifest.xml:20:5-44
MERGED from [com.android.support:support-v4:27.0.2] AndroidManifest.xml:20:5-44
MERGED from [com.android.support:support-v4:27.0.2] AndroidManifest.xml:20:5-44
MERGED from [com.android.support:appcompat-v7:27.0.2] AndroidManifest.xml:20:5-44
MERGED from [com.android.support:appcompat-v7:27.0.2] AndroidManifest.xml:20:5-44
MERGED from [com.android.support:support-fragment:27.0.2] AndroidManifest.xml:20:5-44
MERGED from [com.android.support:support-fragment:27.0.2] AndroidManifest.xml:20:5-44
MERGED from [com.android.support:support-core-utils:27.0.2] AndroidManifest.xml:20:5-44
MERGED from [com.android.support:support-core-utils:27.0.2] AndroidManifest.xml:20:5-44
MERGED from [com.android.support:recyclerview-v7:27.0.2] AndroidManifest.xml:20:5-44
MERGED from [com.android.support:recyclerview-v7:27.0.2] AndroidManifest.xml:20:5-44
MERGED from [com.android.support:animated-vector-drawable:27.0.2] AndroidManifest.xml:20:5-44
MERGED from [com.android.support:animated-vector-drawable:27.0.2] AndroidManifest.xml:20:5-44
MERGED from [com.android.support:support-core-ui:27.0.2] AndroidManifest.xml:20:5-44
MERGED from [com.android.support:support-core-ui:27.0.2] AndroidManifest.xml:20:5-44
MERGED from [com.android.support:customtabs:27.0.2] AndroidManifest.xml:20:5-44
MERGED from [com.android.support:customtabs:27.0.2] AndroidManifest.xml:20:5-44
MERGED from [com.android.support:transition:27.0.2] AndroidManifest.xml:20:5-44
MERGED from [com.android.support:transition:27.0.2] AndroidManifest.xml:20:5-44
MERGED from [com.android.support:support-media-compat:27.0.2] AndroidManifest.xml:20:5-44
MERGED from [com.android.support:support-media-compat:27.0.2] AndroidManifest.xml:20:5-44
MERGED from [com.android.support:support-vector-drawable:27.0.2] AndroidManifest.xml:20:5-44
MERGED from [com.android.support:support-vector-drawable:27.0.2] AndroidManifest.xml:20:5-44
MERGED from [com.android.support:support-compat:27.0.2] AndroidManifest.xml:20:5-44
MERGED from [com.android.support:support-compat:27.0.2] AndroidManifest.xml:20:5-44
MERGED from [com.romandanylyk:pageindicatorview:0.2.0] AndroidManifest.xml:8:5-10:41
MERGED from [com.romandanylyk:pageindicatorview:0.2.0] AndroidManifest.xml:8:5-10:41
MERGED from [com.github.castorflex.smoothprogressbar:library:1.1.0] AndroidManifest.xml:8:5-10:41
MERGED from [com.github.castorflex.smoothprogressbar:library:1.1.0] AndroidManifest.xml:8:5-10:41
MERGED from [android.arch.lifecycle:runtime:1.0.3] AndroidManifest.xml:20:5-22:41
MERGED from [android.arch.lifecycle:runtime:1.0.3] AndroidManifest.xml:20:5-22:41
INJECTED from src\main\AndroidManifest.xml:10:5-78
INJECTED from src\main\AndroidManifest.xml:10:5-78
	tools:overrideLibrary
		ADDED from src\main\AndroidManifest.xml:10:15-75
	android:targetSdkVersion
		INJECTED from src\main\AndroidManifest.xml
		ADDED from src\main\AndroidManifest.xml:10:5-78
		INJECTED from src\main\AndroidManifest.xml
	android:minSdkVersion
		INJECTED from src\main\AndroidManifest.xml
		ADDED from src\main\AndroidManifest.xml:10:5-78
		INJECTED from src\main\AndroidManifest.xml
application
ADDED from src\main\AndroidManifest.xml:11:5-89:19
MERGED from [:makemoji-3pk-android] AndroidManifest.xml:15:5-41:19
MERGED from [:makemoji-3pk-android] AndroidManifest.xml:15:5-41:19
MERGED from [:makemoji-sdk-android] AndroidManifest.xml:16:5-19:38
MERGED from [:makemoji-sdk-android] AndroidManifest.xml:16:5-19:38
MERGED from [com.github.myinnos:GiphyImageResultsPreview:1.0] AndroidManifest.xml:11:5-15:19
MERGED from [com.github.myinnos:GiphyImageResultsPreview:1.0] AndroidManifest.xml:11:5-15:19
MERGED from [com.android.volley:volley:1.0.0] AndroidManifest.xml:9:5-20
MERGED from [com.android.volley:volley:1.0.0] AndroidManifest.xml:9:5-20
MERGED from [com.github.castorflex.smoothprogressbar:library:1.1.0] AndroidManifest.xml:12:5-20
MERGED from [com.github.castorflex.smoothprogressbar:library:1.1.0] AndroidManifest.xml:12:5-20
	android:supportsRtl
		ADDED from src\main\AndroidManifest.xml:18:9-35
	android:label
		ADDED from src\main\AndroidManifest.xml:16:9-41
	android:hardwareAccelerated
		ADDED from src\main\AndroidManifest.xml:14:9-44
	android:largeHeap
		ADDED from src\main\AndroidManifest.xml:17:9-33
	android:icon
		ADDED from src\main\AndroidManifest.xml:15:9-41
	android:allowBackup
		ADDED from src\main\AndroidManifest.xml:13:9-35
	android:theme
		ADDED from src\main\AndroidManifest.xml:19:9-40
	android:name
		ADDED from src\main\AndroidManifest.xml:12:9-28
activity#com.makemoji.mojilib.wall.MojiWallActivity
ADDED from src\main\AndroidManifest.xml:21:9-23:60
	android:label
		ADDED from src\main\AndroidManifest.xml:23:13-48
	android:name
		ADDED from src\main\AndroidManifest.xml:22:13-70
activity#com.makemoji.sbaar.alpha.InputActivity
ADDED from src\main\AndroidManifest.xml:24:9-27:68
	android:label
		ADDED from src\main\AndroidManifest.xml:26:13-34
	android:theme
		ADDED from src\main\AndroidManifest.xml:27:13-56
	android:name
		ADDED from src\main\AndroidManifest.xml:25:13-42
activity#com.makemoji.sbaar.alpha.ImageActivity
ADDED from src\main\AndroidManifest.xml:28:9-30:68
	android:theme
		ADDED from src\main\AndroidManifest.xml:30:13-56
	android:name
		ADDED from src\main\AndroidManifest.xml:29:13-42
activity#com.makemoji.sbaar.alpha.ImageListActivity
ADDED from src\main\AndroidManifest.xml:31:9-33:68
	android:theme
		ADDED from src\main\AndroidManifest.xml:33:13-56
	android:name
		ADDED from src\main\AndroidManifest.xml:32:13-46
activity#com.makemoji.sbaar.alpha.GIFActivity
ADDED from src\main\AndroidManifest.xml:34:9-36:68
	android:theme
		ADDED from src\main\AndroidManifest.xml:36:13-56
	android:name
		ADDED from src\main\AndroidManifest.xml:35:13-40
activity#com.makemoji.sbaar.alpha.inappNew
ADDED from src\main\AndroidManifest.xml:37:9-39:68
	android:theme
		ADDED from src\main\AndroidManifest.xml:39:13-56
	android:name
		ADDED from src\main\AndroidManifest.xml:38:13-37
activity#com.makemoji.sbaar.alpha.MainActivity
ADDED from src\main\AndroidManifest.xml:41:9-44:68
	android:label
		ADDED from src\main\AndroidManifest.xml:43:13-36
	android:theme
		ADDED from src\main\AndroidManifest.xml:44:13-56
	android:name
		ADDED from src\main\AndroidManifest.xml:42:13-41
activity#com.makemoji.sbaar.alpha.SplashScreen
ADDED from src\main\AndroidManifest.xml:45:9-68:20
	android:label
		ADDED from src\main\AndroidManifest.xml:47:13-57
	android:launchMode
		ADDED from src\main\AndroidManifest.xml:48:13-44
	android:theme
		ADDED from src\main\AndroidManifest.xml:50:13-56
	android:name
		ADDED from src\main\AndroidManifest.xml:46:13-41
intent-filter#action:name:com.makemoji.mojilib.action.LOCKED_CATEGORY_CLICKED+category:name:android.intent.category.DEFAULT
ADDED from src\main\AndroidManifest.xml:51:13-55:29
action#com.makemoji.mojilib.action.LOCKED_CATEGORY_CLICKED
ADDED from src\main\AndroidManifest.xml:52:17-94
	android:name
		ADDED from src\main\AndroidManifest.xml:52:25-91
category#android.intent.category.DEFAULT
ADDED from src\main\AndroidManifest.xml:54:17-76
	android:name
		ADDED from src\main\AndroidManifest.xml:54:27-73
intent-filter#action:name:android.intent.action.SEND+category:name:android.intent.category.DEFAULT+data:mimeType:image/*
ADDED from src\main\AndroidManifest.xml:56:13-62:29
action#android.intent.action.SEND
ADDED from src\main\AndroidManifest.xml:57:17-69
	android:name
		ADDED from src\main\AndroidManifest.xml:57:25-66
data
ADDED from src\main\AndroidManifest.xml:61:17-52
	android:mimeType
		ADDED from src\main\AndroidManifest.xml:61:23-49
intent-filter#action:name:android.intent.action.MAIN+category:name:android.intent.category.LAUNCHER
ADDED from src\main\AndroidManifest.xml:63:13-67:29
action#android.intent.action.MAIN
ADDED from src\main\AndroidManifest.xml:64:17-69
	android:name
		ADDED from src\main\AndroidManifest.xml:64:25-66
category#android.intent.category.LAUNCHER
ADDED from src\main\AndroidManifest.xml:66:17-77
	android:name
		ADDED from src\main\AndroidManifest.xml:66:27-74
activity#com.makemoji.sbaar.alpha.ActivateActivity
ADDED from src\main\AndroidManifest.xml:69:9-77:20
	android:label
		ADDED from src\main\AndroidManifest.xml:71:13-46
	android:windowSoftInputMode
		ADDED from src\main\AndroidManifest.xml:73:13-57
	android:theme
		ADDED from src\main\AndroidManifest.xml:72:13-44
	android:name
		ADDED from src\main\AndroidManifest.xml:70:13-45
intent-filter#action:name:android.intent.action.LAUNCHER
ADDED from src\main\AndroidManifest.xml:74:13-76:29
action#android.intent.action.LAUNCHER
ADDED from src\main\AndroidManifest.xml:75:17-73
	android:name
		ADDED from src\main\AndroidManifest.xml:75:25-70
activity#com.makemoji.sbaar.alpha.ReactionsActivity
ADDED from src\main\AndroidManifest.xml:78:9-64
	android:name
		ADDED from src\main\AndroidManifest.xml:78:19-52
meta-data#android.support.FILE_PROVIDER_PATHS
ADDED from src\main\AndroidManifest.xml:85:13-87:52
	android:resource
		ADDED from src\main\AndroidManifest.xml:87:17-49
	android:name
		ADDED from src\main\AndroidManifest.xml:86:17-67
uses-permission#android.permission.SYSTEM_ALERT_WINDOW
ADDED from [:makemoji-3pk-android] AndroidManifest.xml:12:5-78
	android:name
		ADDED from [:makemoji-3pk-android] AndroidManifest.xml:12:22-75
uses-permission#com.android.vending.BILLING
ADDED from [:makemoji-3pk-android] AndroidManifest.xml:13:5-67
MERGED from [:makemoji-sdk-android] AndroidManifest.xml:14:5-67
MERGED from [:makemoji-sdk-android] AndroidManifest.xml:14:5-67
	android:name
		ADDED from [:makemoji-3pk-android] AndroidManifest.xml:13:22-64
service#com.makemoji.keyboard.MMKB
ADDED from [:makemoji-3pk-android] AndroidManifest.xml:16:9-29:19
	android:enabled
		ADDED from [:makemoji-3pk-android] AndroidManifest.xml:18:13-60
	android:label
		ADDED from [:makemoji-3pk-android] AndroidManifest.xml:19:13-49
	android:permission
		ADDED from [:makemoji-3pk-android] AndroidManifest.xml:20:13-70
	android:theme
		ADDED from [:makemoji-3pk-android] AndroidManifest.xml:21:13-54
	android:name
		ADDED from [:makemoji-3pk-android] AndroidManifest.xml:17:13-54
intent-filter#action:name:android.view.InputMethod
ADDED from [:makemoji-3pk-android] AndroidManifest.xml:22:13-24:29
action#android.view.InputMethod
ADDED from [:makemoji-3pk-android] AndroidManifest.xml:23:17-67
	android:name
		ADDED from [:makemoji-3pk-android] AndroidManifest.xml:23:25-64
meta-data#android.view.im
ADDED from [:makemoji-3pk-android] AndroidManifest.xml:26:13-28:50
	android:resource
		ADDED from [:makemoji-3pk-android] AndroidManifest.xml:28:17-47
	android:name
		ADDED from [:makemoji-3pk-android] AndroidManifest.xml:27:17-47
provider#com.makemoji.keyboard.MMFileProvider
ADDED from [:makemoji-3pk-android] AndroidManifest.xml:31:9-40:20
	android:grantUriPermissions
		ADDED from [:makemoji-3pk-android] AndroidManifest.xml:36:13-47
	android:enabled
		ADDED from [:makemoji-3pk-android] AndroidManifest.xml:34:13-68
	android:authorities
		ADDED from [:makemoji-3pk-android] AndroidManifest.xml:33:13-65
	android:exported
		ADDED from [:makemoji-3pk-android] AndroidManifest.xml:35:13-37
	android:name
		ADDED from [:makemoji-3pk-android] AndroidManifest.xml:32:13-64